<?xml version="1.0" encoding="UTF-8"?>
<Site BuildName="(empty)"
	BuildStamp="20240529-0808-Experimental"
	Name="omar-HP-Laptop-14s-dk0xxx"
	Generator="ctest-3.22.1"
	CompilerName="/usr/bin/c++"
	CompilerVersion="11.4.0"
	OSName="Linux"
	Hostname="omar-HP-Laptop-14s-dk0xxx"
	OSRelease="6.5.0-35-generic"
	OSVersion="#35~22.04.1-Ubuntu SMP PREEMPT_DYNAMIC Tue May  7 09:00:52 UTC 2"
	OSPlatform="x86_64"
	Is64Bits="1"
	VendorString="AuthenticAMD"
	VendorID="Advanced Micro Devices"
	FamilyID="23"
	ModelID="24"
	ProcessorCacheSize="512"
	NumberOfLogicalCPU="8"
	NumberOfPhysicalCPU="4"
	TotalVirtualMemory="2047"
	TotalPhysicalMemory="13878"
	LogicalProcessorsPerPhysical="2"
	ProcessorClockFrequency="1106.34"
	>
	<Testing>
		<StartDateTime>May 29 18:08 AEST</StartDateTime>
		<StartTestTime>1716970091</StartTestTime>
		<TestList/>
		<EndDateTime>May 29 18:08 AEST</EndDateTime>
		<EndTestTime>1716970091</EndTestTime>
		<ElapsedMinutes>0</ElapsedMinutes>
	</Testing>
</Site>
